{"numFailedTestSuites":3,"numFailedTests":2,"numPassedTestSuites":38,"numPassedTests":162,"numPendingTestSuites":0,"numPendingTests":0,"numRuntimeErrorTestSuites":1,"numTotalTestSuites":41,"numTotalTests":164,"openHandles":[],"snapshot":{"added":0,"didUpdate":false,"failure":true,"filesAdded":0,"filesRemoved":0,"filesUnmatched":2,"filesUpdated":0,"matched":60,"total":62,"unchecked":0,"uncheckedKeysByFile":[],"unmatched":2,"updated":0},"startTime":1540205688118,"success":false,"testResults":[{"assertionResults":[{"ancestorTitles":[],"failureMessages":[],"fullName":"it should render <CompanySelect />","location":null,"status":"passed","title":"it should render <CompanySelect />"},{"ancestorTitles":[],"failureMessages":[],"fullName":"it should be able to add value prop","location":null,"status":"passed","title":"it should be able to add value prop"}],"endTime":1540205691318,"message":"","name":"/Users/kevinegstorf/workspace/tele2/zakelijk_shop/source/js/components/form/controls/company-select/CompanySelect.test.jsx","startTime":1540205690130,"status":"passed","summary":""},{"assertionResults":[{"ancestorTitles":["Basket test"],"failureMessages":[],"fullName":"Basket test ChangeItemAmount","location":null,"status":"passed","title":"ChangeItemAmount"},{"ancestorTitles":["Basket test"],"failureMessages":[],"fullName":"Basket test ChangeItemAmount - no number retention","location":null,"status":"passed","title":"ChangeItemAmount - no number retention"},{"ancestorTitles":["Basket test"],"failureMessages":[],"fullName":"Basket test ChangeItemAmount - errors","location":null,"status":"passed","title":"ChangeItemAmount - errors"},{"ancestorTitles":["Basket test"],"failureMessages":[],"fullName":"Basket test RemoveProductFromBasket","location":null,"status":"passed","title":"RemoveProductFromBasket"},{"ancestorTitles":["Basket test"],"failureMessages":[],"fullName":"Basket test RemoveProductFromBasket - exception","location":null,"status":"passed","title":"RemoveProductFromBasket - exception"},{"ancestorTitles":["Basket test"],"failureMessages":[],"fullName":"Basket test AddToBasket","location":null,"status":"passed","title":"AddToBasket"},{"ancestorTitles":["Basket test"],"failureMessages":[],"fullName":"Basket test AddToSpecificBasket - invalid basket","location":null,"status":"passed","title":"AddToSpecificBasket - invalid basket"},{"ancestorTitles":["Basket test"],"failureMessages":[],"fullName":"Basket test AddToSpecificBasket","location":null,"status":"passed","title":"AddToSpecificBasket"},{"ancestorTitles":["Basket test"],"failureMessages":[],"fullName":"Basket test AddToSpecificBasket - existing basket & no number retention","location":null,"status":"passed","title":"AddToSpecificBasket - existing basket & no number retention"},{"ancestorTitles":["Basket test"],"failureMessages":[],"fullName":"Basket test AddToSpecificBasket - existing basket & no commercialProduct","location":null,"status":"passed","title":"AddToSpecificBasket - existing basket & no commercialProduct"},{"ancestorTitles":["Basket test"],"failureMessages":[],"fullName":"Basket test EnsureShadowBasket","location":null,"status":"passed","title":"EnsureShadowBasket"},{"ancestorTitles":["Basket test"],"failureMessages":[],"fullName":"Basket test EnsureShadowBasket - existing basket","location":null,"status":"passed","title":"EnsureShadowBasket - existing basket"},{"ancestorTitles":["Basket test"],"failureMessages":[],"fullName":"Basket test ClearBasket","location":null,"status":"passed","title":"ClearBasket"},{"ancestorTitles":["Basket test"],"failureMessages":[],"fullName":"Basket test ClearBasket - no basketId","location":null,"status":"passed","title":"ClearBasket - no basketId"},{"ancestorTitles":["Basket test"],"failureMessages":[],"fullName":"Basket test ClearBasket - throw","location":null,"status":"passed","title":"ClearBasket - throw"},{"ancestorTitles":["Basket test"],"failureMessages":[],"fullName":"Basket test AddAdditionalQualificationData - no params","location":null,"status":"passed","title":"AddAdditionalQualificationData - no params"},{"ancestorTitles":["Basket test"],"failureMessages":[],"fullName":"Basket test AddAdditionalQualificationData","location":null,"status":"passed","title":"AddAdditionalQualificationData"},{"ancestorTitles":["Basket test"],"failureMessages":[],"fullName":"Basket test AddAdditionalQualificationData - throw","location":null,"status":"passed","title":"AddAdditionalQualificationData - throw"},{"ancestorTitles":["Basket test"],"failureMessages":[],"fullName":"Basket test AddAdditionalQualificationData - 2 x number retention","location":null,"status":"passed","title":"AddAdditionalQualificationData - 2 x number retention"},{"ancestorTitles":["Basket test"],"failureMessages":[],"fullName":"Basket test AddAdditionalQualificationData - 5 x number retention, with existing data","location":null,"status":"passed","title":"AddAdditionalQualificationData - 5 x number retention, with existing data"},{"ancestorTitles":["Basket test"],"failureMessages":[],"fullName":"Basket test GetOrCreateBasket - get","location":null,"status":"passed","title":"GetOrCreateBasket - get"},{"ancestorTitles":["Basket test"],"failureMessages":[],"fullName":"Basket test GetOrCreateBasket - get throw","location":null,"status":"passed","title":"GetOrCreateBasket - get throw"},{"ancestorTitles":["Basket test"],"failureMessages":[],"fullName":"Basket test GetOrCreateBasket - clear","location":null,"status":"passed","title":"GetOrCreateBasket - clear"},{"ancestorTitles":["Basket test"],"failureMessages":[],"fullName":"Basket test GetOrCreateBasket - clear throw","location":null,"status":"passed","title":"GetOrCreateBasket - clear throw"},{"ancestorTitles":["Basket test"],"failureMessages":[],"fullName":"Basket test GetOrCreateBasket - create","location":null,"status":"passed","title":"GetOrCreateBasket - create"},{"ancestorTitles":["Basket test"],"failureMessages":[],"fullName":"Basket test GetOrCreateBasket - create throw","location":null,"status":"passed","title":"GetOrCreateBasket - create throw"},{"ancestorTitles":["Basket test"],"failureMessages":[],"fullName":"Basket test throwIfBasketError","location":null,"status":"passed","title":"throwIfBasketError"},{"ancestorTitles":["Basket test"],"failureMessages":[],"fullName":"Basket test getLatestCatalogueCartId","location":null,"status":"passed","title":"getLatestCatalogueCartId"},{"ancestorTitles":["Product saga test"],"failureMessages":[],"fullName":"Product saga test AddCurrentProductToCurrentBasket","location":null,"status":"passed","title":"AddCurrentProductToCurrentBasket"},{"ancestorTitles":["Product saga test"],"failureMessages":[],"fullName":"Product saga test GetProduct","location":null,"status":"passed","title":"GetProduct"},{"ancestorTitles":["Product saga test"],"failureMessages":[],"fullName":"Product saga test GetProduct - sim only || data only","location":null,"status":"passed","title":"GetProduct - sim only || data only"},{"ancestorTitles":["Product saga test"],"failureMessages":[],"fullName":"Product saga test GetProduct throw error","location":null,"status":"passed","title":"GetProduct throw error"},{"ancestorTitles":["Product saga test"],"failureMessages":[],"fullName":"Product saga test GetProduct invalid offers","location":null,"status":"passed","title":"GetProduct invalid offers"},{"ancestorTitles":["Product saga test"],"failureMessages":[],"fullName":"Product saga test GetProduct no offers","location":null,"status":"passed","title":"GetProduct no offers"}],"endTime":1540205691381,"message":"","name":"/Users/kevinegstorf/workspace/tele2/zakelijk_shop/source/js/sagas/tests/product.test.js","startTime":1540205690159,"status":"passed","summary":""},{"assertionResults":[{"ancestorTitles":["<PriceBreakdown />"],"failureMessages":["Error: \u001b[2mexpect(\u001b[22m\u001b[31mvalue\u001b[39m\u001b[2m).toMatchSnapshot(\u001b[22m\u001b[2m)\u001b[22m\n\n\u001b[31mReceived value\u001b[39m does not match \u001b[32mstored snapshot \"<PriceBreakdown /> renders a modal window with a price breakdown 1\"\u001b[39m.\n\n\u001b[32m- Snapshot\u001b[39m\n\u001b[31m+ Received\u001b[39m\n\n\u001b[33m@@ -60,17 +60,17 @@\u001b[39m\n\u001b[2m                    </span>\u001b[22m\n\u001b[2m                  </td>\u001b[22m\n\u001b[2m                  <td\u001b[22m\n\u001b[2m                    className=\"price-breakdown__item\"\u001b[22m\n\u001b[2m                  >\u001b[22m\n\u001b[32m-                   € 30.00\u001b[39m\n\u001b[31m+                   € 39.68\u001b[39m\n\u001b[2m                  </td>\u001b[22m\n\u001b[2m                  <td\u001b[22m\n\u001b[2m                    className=\"price-breakdown__item\"\u001b[22m\n\u001b[2m                  >\u001b[22m\n\u001b[2m                     €\u001b[43m \u001b[49m\u001b[22m\n\u001b[32m-                   39.68\u001b[39m\n\u001b[31m+                   30.00\u001b[39m\n\u001b[2m                  </td>\u001b[22m\n\u001b[2m                </tr>\u001b[22m\n\u001b[2m                <tr\u001b[22m\n\u001b[2m                  className=\"price-breakdown__items\"\u001b[22m\n\u001b[2m                  key=\"1\"\u001b[22m\n    at Object.toMatchSnapshot (/Users/kevinegstorf/workspace/tele2/zakelijk_shop/source/js/components/price-breakdown/PriceBreakdown.test.jsx:9:21)\n    at Object.asyncJestTest (/Users/kevinegstorf/workspace/tele2/zakelijk_shop/node_modules/jest-jasmine2/build/jasmine_async.js:108:37)\n    at resolve (/Users/kevinegstorf/workspace/tele2/zakelijk_shop/node_modules/jest-jasmine2/build/queue_runner.js:56:12)\n    at new Promise (<anonymous>)\n    at mapper (/Users/kevinegstorf/workspace/tele2/zakelijk_shop/node_modules/jest-jasmine2/build/queue_runner.js:43:19)\n    at promise.then (/Users/kevinegstorf/workspace/tele2/zakelijk_shop/node_modules/jest-jasmine2/build/queue_runner.js:87:41)\n    at <anonymous>\n    at process._tickCallback (internal/process/next_tick.js:188:7)"],"fullName":"<PriceBreakdown /> renders a modal window with a price breakdown","location":null,"status":"failed","title":"renders a modal window with a price breakdown"}],"endTime":1540205691425,"message":"\u001b[1m\u001b[31m  \u001b[1m● \u001b[1m<PriceBreakdown /> › renders a modal window with a price breakdown\u001b[39m\u001b[22m\n\n    \u001b[2mexpect(\u001b[22m\u001b[31mvalue\u001b[39m\u001b[2m).toMatchSnapshot(\u001b[22m\u001b[2m)\u001b[22m\n\n    \u001b[31mReceived value\u001b[39m does not match \u001b[32mstored snapshot \"<PriceBreakdown /> renders a modal window with a price breakdown 1\"\u001b[39m.\n\n    \u001b[32m- Snapshot\u001b[39m\n    \u001b[31m+ Received\u001b[39m\n\n    \u001b[33m@@ -60,17 +60,17 @@\u001b[39m\n    \u001b[2m                    </span>\u001b[22m\n    \u001b[2m                  </td>\u001b[22m\n    \u001b[2m                  <td\u001b[22m\n    \u001b[2m                    className=\"price-breakdown__item\"\u001b[22m\n    \u001b[2m                  >\u001b[22m\n    \u001b[32m-                   € 30.00\u001b[39m\n    \u001b[31m+                   € 39.68\u001b[39m\n    \u001b[2m                  </td>\u001b[22m\n    \u001b[2m                  <td\u001b[22m\n    \u001b[2m                    className=\"price-breakdown__item\"\u001b[22m\n    \u001b[2m                  >\u001b[22m\n    \u001b[2m                     €\u001b[43m \u001b[49m\u001b[22m\n    \u001b[32m-                   39.68\u001b[39m\n    \u001b[31m+                   30.00\u001b[39m\n    \u001b[2m                  </td>\u001b[22m\n    \u001b[2m                </tr>\u001b[22m\n    \u001b[2m                <tr\u001b[22m\n    \u001b[2m                  className=\"price-breakdown__items\"\u001b[22m\n    \u001b[2m                  key=\"1\"\u001b[22m\n\u001b[2m\u001b[22m\n\u001b[2m    \u001b[0m \u001b[90m  7 | \u001b[39m\ttest(\u001b[32m'renders a modal window with a price breakdown'\u001b[39m\u001b[33m,\u001b[39m () \u001b[33m=>\u001b[39m {\u001b[0m\u001b[22m\n\u001b[2m    \u001b[0m \u001b[90m  8 | \u001b[39m\t\t\u001b[36mconst\u001b[39m component \u001b[33m=\u001b[39m shallow(\u001b[33m<\u001b[39m\u001b[33mPriceBreakdown\u001b[39m disablePortal\u001b[33m=\u001b[39m{\u001b[36mtrue\u001b[39m} open\u001b[33m=\u001b[39m{\u001b[36mtrue\u001b[39m} breakDownItems\u001b[33m=\u001b[39m{priceBreakdownStub} \u001b[33m/\u001b[39m\u001b[33m>\u001b[39m)\u001b[33m;\u001b[39m\u001b[0m\u001b[22m\n\u001b[2m    \u001b[0m\u001b[31m\u001b[1m>\u001b[2m\u001b[39m\u001b[90m  9 | \u001b[39m\t\texpect(component)\u001b[33m.\u001b[39mtoMatchSnapshot()\u001b[33m;\u001b[39m\u001b[0m\u001b[22m\n\u001b[2m    \u001b[0m \u001b[90m    | \u001b[39m\t\t                  \u001b[31m\u001b[1m^\u001b[2m\u001b[39m\u001b[0m\u001b[22m\n\u001b[2m    \u001b[0m \u001b[90m 10 | \u001b[39m\t})\u001b[33m;\u001b[39m\u001b[0m\u001b[22m\n\u001b[2m    \u001b[0m \u001b[90m 11 | \u001b[39m})\u001b[33m;\u001b[39m\u001b[0m\u001b[22m\n\u001b[2m    \u001b[0m \u001b[90m 12 | \u001b[39m\u001b[0m\u001b[22m\n\u001b[2m\u001b[22m\n\u001b[2m      \u001b[2mat Object.toMatchSnapshot (\u001b[2m\u001b[0m\u001b[36msource/js/components/price-breakdown/PriceBreakdown.test.jsx\u001b[39m\u001b[0m\u001b[2m:9:21)\u001b[2m\u001b[22m\n","name":"/Users/kevinegstorf/workspace/tele2/zakelijk_shop/source/js/components/price-breakdown/PriceBreakdown.test.jsx","startTime":1540205690087,"status":"failed","summary":""},{"assertionResults":[{"ancestorTitles":[],"failureMessages":[],"fullName":"should render default component","location":null,"status":"passed","title":"should render default component"}],"endTime":1540205691887,"message":"","name":"/Users/kevinegstorf/workspace/tele2/zakelijk_shop/source/js/components/total/Total.test.js","startTime":1540205690095,"status":"passed","summary":""},{"assertionResults":[{"ancestorTitles":["<Modal />"],"failureMessages":[],"fullName":"<Modal /> Default modal with header and close button","location":null,"status":"passed","title":"Default modal with header and close button"},{"ancestorTitles":["<Modal />"],"failureMessages":[],"fullName":"<Modal /> Modal as tooltip","location":null,"status":"passed","title":"Modal as tooltip"},{"ancestorTitles":["<Modal />"],"failureMessages":[],"fullName":"<Modal /> With scrollbar and actions","location":null,"status":"passed","title":"With scrollbar and actions"},{"ancestorTitles":["<Modal />"],"failureMessages":[],"fullName":"<Modal /> No close button","location":null,"status":"passed","title":"No close button"}],"endTime":1540205691903,"message":"","name":"/Users/kevinegstorf/workspace/tele2/zakelijk_shop/source/js/components/modal/Modal.test.jsx","startTime":1540205690078,"status":"passed","summary":""},{"assertionResults":[{"ancestorTitles":["<CartTotal />"],"failureMessages":[],"fullName":"<CartTotal /> Shows monthly, onetime and shipping fees","location":null,"status":"passed","title":"Shows monthly, onetime and shipping fees"}],"endTime":1540205692030,"message":"","name":"/Users/kevinegstorf/workspace/tele2/zakelijk_shop/source/js/components/cart-total/CartTotal.test.jsx","startTime":1540205690090,"status":"passed","summary":""},{"assertionResults":[{"ancestorTitles":["Basket test"],"failureMessages":[],"fullName":"Basket test ChangeItemAmount","location":null,"status":"passed","title":"ChangeItemAmount"},{"ancestorTitles":["Basket test"],"failureMessages":[],"fullName":"Basket test ChangeItemAmount - no number retention","location":null,"status":"passed","title":"ChangeItemAmount - no number retention"},{"ancestorTitles":["Basket test"],"failureMessages":[],"fullName":"Basket test ChangeItemAmount - errors","location":null,"status":"passed","title":"ChangeItemAmount - errors"},{"ancestorTitles":["Basket test"],"failureMessages":[],"fullName":"Basket test RemoveProductFromBasket","location":null,"status":"passed","title":"RemoveProductFromBasket"},{"ancestorTitles":["Basket test"],"failureMessages":[],"fullName":"Basket test RemoveProductFromBasket - exception","location":null,"status":"passed","title":"RemoveProductFromBasket - exception"},{"ancestorTitles":["Basket test"],"failureMessages":[],"fullName":"Basket test AddToBasket","location":null,"status":"passed","title":"AddToBasket"},{"ancestorTitles":["Basket test"],"failureMessages":[],"fullName":"Basket test AddToSpecificBasket - invalid basket","location":null,"status":"passed","title":"AddToSpecificBasket - invalid basket"},{"ancestorTitles":["Basket test"],"failureMessages":[],"fullName":"Basket test AddToSpecificBasket","location":null,"status":"passed","title":"AddToSpecificBasket"},{"ancestorTitles":["Basket test"],"failureMessages":[],"fullName":"Basket test AddToSpecificBasket - existing basket & no number retention","location":null,"status":"passed","title":"AddToSpecificBasket - existing basket & no number retention"},{"ancestorTitles":["Basket test"],"failureMessages":[],"fullName":"Basket test AddToSpecificBasket - existing basket & no commercialProduct","location":null,"status":"passed","title":"AddToSpecificBasket - existing basket & no commercialProduct"},{"ancestorTitles":["Basket test"],"failureMessages":[],"fullName":"Basket test EnsureShadowBasket","location":null,"status":"passed","title":"EnsureShadowBasket"},{"ancestorTitles":["Basket test"],"failureMessages":[],"fullName":"Basket test EnsureShadowBasket - existing basket","location":null,"status":"passed","title":"EnsureShadowBasket - existing basket"},{"ancestorTitles":["Basket test"],"failureMessages":[],"fullName":"Basket test ClearBasket","location":null,"status":"passed","title":"ClearBasket"},{"ancestorTitles":["Basket test"],"failureMessages":[],"fullName":"Basket test ClearBasket - no basketId","location":null,"status":"passed","title":"ClearBasket - no basketId"},{"ancestorTitles":["Basket test"],"failureMessages":[],"fullName":"Basket test ClearBasket - throw","location":null,"status":"passed","title":"ClearBasket - throw"},{"ancestorTitles":["Basket test"],"failureMessages":[],"fullName":"Basket test AddAdditionalQualificationData - no params","location":null,"status":"passed","title":"AddAdditionalQualificationData - no params"},{"ancestorTitles":["Basket test"],"failureMessages":[],"fullName":"Basket test AddAdditionalQualificationData","location":null,"status":"passed","title":"AddAdditionalQualificationData"},{"ancestorTitles":["Basket test"],"failureMessages":[],"fullName":"Basket test AddAdditionalQualificationData - throw","location":null,"status":"passed","title":"AddAdditionalQualificationData - throw"},{"ancestorTitles":["Basket test"],"failureMessages":[],"fullName":"Basket test AddAdditionalQualificationData - 2 x number retention","location":null,"status":"passed","title":"AddAdditionalQualificationData - 2 x number retention"},{"ancestorTitles":["Basket test"],"failureMessages":[],"fullName":"Basket test AddAdditionalQualificationData - 5 x number retention, with existing data","location":null,"status":"passed","title":"AddAdditionalQualificationData - 5 x number retention, with existing data"},{"ancestorTitles":["Basket test"],"failureMessages":[],"fullName":"Basket test GetOrCreateBasket - get","location":null,"status":"passed","title":"GetOrCreateBasket - get"},{"ancestorTitles":["Basket test"],"failureMessages":[],"fullName":"Basket test GetOrCreateBasket - get throw","location":null,"status":"passed","title":"GetOrCreateBasket - get throw"},{"ancestorTitles":["Basket test"],"failureMessages":[],"fullName":"Basket test GetOrCreateBasket - clear","location":null,"status":"passed","title":"GetOrCreateBasket - clear"},{"ancestorTitles":["Basket test"],"failureMessages":[],"fullName":"Basket test GetOrCreateBasket - clear throw","location":null,"status":"passed","title":"GetOrCreateBasket - clear throw"},{"ancestorTitles":["Basket test"],"failureMessages":[],"fullName":"Basket test GetOrCreateBasket - create","location":null,"status":"passed","title":"GetOrCreateBasket - create"},{"ancestorTitles":["Basket test"],"failureMessages":[],"fullName":"Basket test GetOrCreateBasket - create throw","location":null,"status":"passed","title":"GetOrCreateBasket - create throw"},{"ancestorTitles":["Basket test"],"failureMessages":[],"fullName":"Basket test throwIfBasketError","location":null,"status":"passed","title":"throwIfBasketError"},{"ancestorTitles":["Basket test"],"failureMessages":[],"fullName":"Basket test getLatestCatalogueCartId","location":null,"status":"passed","title":"getLatestCatalogueCartId"}],"endTime":1540205692192,"message":"","name":"/Users/kevinegstorf/workspace/tele2/zakelijk_shop/source/js/sagas/tests/basket.test.js","startTime":1540205691721,"status":"passed","summary":""},{"assertionResults":[{"ancestorTitles":["Beacon event definitions","productConfiguratorChangeEvent()"],"failureMessages":[],"fullName":"Beacon event definitions productConfiguratorChangeEvent() captures product configurator change event","location":null,"status":"passed","title":"captures product configurator change event"},{"ancestorTitles":["Beacon event definitions","filtersChangedEvent() captures filters being epplied/cleared"],"failureMessages":[],"fullName":"Beacon event definitions filtersChangedEvent() captures filters being epplied/cleared with only newly selected filters","location":null,"status":"passed","title":"with only newly selected filters"},{"ancestorTitles":["Beacon event definitions","filtersChangedEvent() captures filters being epplied/cleared"],"failureMessages":[],"fullName":"Beacon event definitions filtersChangedEvent() captures filters being epplied/cleared with only unselected filters","location":null,"status":"passed","title":"with only unselected filters"},{"ancestorTitles":["Beacon event definitions","filtersChangedEvent() captures filters being epplied/cleared"],"failureMessages":[],"fullName":"Beacon event definitions filtersChangedEvent() captures filters being epplied/cleared with some newly selected and some unselected filters","location":null,"status":"passed","title":"with some newly selected and some unselected filters"}],"endTime":1540205692466,"message":"","name":"/Users/kevinegstorf/workspace/tele2/zakelijk_shop/source/js/analytics/event-definitions.test.js","startTime":1540205692109,"status":"passed","summary":""},{"assertionResults":[{"ancestorTitles":["<RadioBox/>"],"failureMessages":[],"fullName":"<RadioBox/> RadioBox without a default value","location":null,"status":"passed","title":"RadioBox without a default value"},{"ancestorTitles":["<RadioBox/>"],"failureMessages":[],"fullName":"<RadioBox/> RadioBox without a description and 1 without a text","location":null,"status":"passed","title":"RadioBox without a description and 1 without a text"},{"ancestorTitles":["<RadioBox/>"],"failureMessages":[],"fullName":"<RadioBox/> RadioBox has the possibility to have a default value","location":null,"status":"passed","title":"RadioBox has the possibility to have a default value"},{"ancestorTitles":["<RadioBox/>"],"failureMessages":[],"fullName":"<RadioBox/> RadioBoxControl has the possibility to have no values","location":null,"status":"passed","title":"RadioBoxControl has the possibility to have no values"},{"ancestorTitles":["<RadioBox/>"],"failureMessages":[],"fullName":"<RadioBox/> RadioBoxControl select a different value","location":null,"status":"passed","title":"RadioBoxControl select a different value"},{"ancestorTitles":["<RadioBox/>"],"failureMessages":[],"fullName":"<RadioBox/> RadioBox can have a promo balloon","location":null,"status":"passed","title":"RadioBox can have a promo balloon"}],"endTime":1540205692504,"message":"","name":"/Users/kevinegstorf/workspace/tele2/zakelijk_shop/source/js/components/form/controls/radio-box/RadioBox.test.jsx","startTime":1540205691824,"status":"passed","summary":""},{"assertionResults":[{"ancestorTitles":["<AddedToCart/>"],"failureMessages":[],"fullName":"<AddedToCart/> Open","location":null,"status":"passed","title":"Open"},{"ancestorTitles":["<AddedToCart/>"],"failureMessages":[],"fullName":"<AddedToCart/> Execute different clicks","location":null,"status":"passed","title":"Execute different clicks"}],"endTime":1540205692625,"message":"","name":"/Users/kevinegstorf/workspace/tele2/zakelijk_shop/source/js/components/added-to-cart/AddedToCart.test.jsx","startTime":1540205690065,"status":"passed","summary":""},{"assertionResults":[{"ancestorTitles":["<IbanInputControl />"],"failureMessages":[],"fullName":"<IbanInputControl /> should match snapshot","location":null,"status":"passed","title":"should match snapshot"},{"ancestorTitles":["<IbanInputControl />"],"failureMessages":[],"fullName":"<IbanInputControl /> should have filled state","location":null,"status":"passed","title":"should have filled state"},{"ancestorTitles":["<IbanInputControl />"],"failureMessages":[],"fullName":"<IbanInputControl /> should have active state","location":null,"status":"passed","title":"should have active state"},{"ancestorTitles":["<IbanInputControl />"],"failureMessages":[],"fullName":"<IbanInputControl /> should deactivate on Blur","location":null,"status":"passed","title":"should deactivate on Blur"},{"ancestorTitles":["<IbanInputControl />"],"failureMessages":[],"fullName":"<IbanInputControl /> should show an error on validation","location":null,"status":"passed","title":"should show an error on validation"}],"endTime":1540205692744,"message":"","name":"/Users/kevinegstorf/workspace/tele2/zakelijk_shop/source/js/components/form/controls/iban-input/IbanInputControl.test.jsx","startTime":1540205692119,"status":"passed","summary":""},{"assertionResults":[{"ancestorTitles":["<TextInputControl />"],"failureMessages":[],"fullName":"<TextInputControl /> should match snapshot","location":null,"status":"passed","title":"should match snapshot"},{"ancestorTitles":["<TextInputControl />"],"failureMessages":[],"fullName":"<TextInputControl /> should have filled state","location":null,"status":"passed","title":"should have filled state"},{"ancestorTitles":["<TextInputControl />"],"failureMessages":[],"fullName":"<TextInputControl /> should have active state","location":null,"status":"passed","title":"should have active state"},{"ancestorTitles":["<TextInputControl />"],"failureMessages":[],"fullName":"<TextInputControl /> should deactivate on Blur","location":null,"status":"passed","title":"should deactivate on Blur"},{"ancestorTitles":["<TextInputControl />"],"failureMessages":[],"fullName":"<TextInputControl /> should show an error on validation","location":null,"status":"passed","title":"should show an error on validation"}],"endTime":1540205692932,"message":"","name":"/Users/kevinegstorf/workspace/tele2/zakelijk_shop/source/js/components/form/controls/text-input/TextInputControl.test.jsx","startTime":1540205692250,"status":"passed","summary":""},{"assertionResults":[{"ancestorTitles":["<StickyProductSummary/>"],"failureMessages":[],"fullName":"<StickyProductSummary/> should render default component","location":null,"status":"passed","title":"should render default component"},{"ancestorTitles":["<StickyProductSummary/>"],"failureMessages":[],"fullName":"<StickyProductSummary/> should render component with image","location":null,"status":"passed","title":"should render component with image"},{"ancestorTitles":["<StickyProductSummary/>"],"failureMessages":[],"fullName":"<StickyProductSummary/> should render component with number","location":null,"status":"passed","title":"should render component with number"}],"endTime":1540205693182,"message":"","name":"/Users/kevinegstorf/workspace/tele2/zakelijk_shop/source/js/components/sticky-product-summary/StickyProductSummary.test.jsx","startTime":1540205692814,"status":"passed","summary":""},{"assertionResults":[{"ancestorTitles":["<PhoneGridItem />"],"failureMessages":[],"fullName":"<PhoneGridItem /> displays a product image, info and a color picker","location":null,"status":"passed","title":"displays a product image, info and a color picker"}],"endTime":1540205693258,"message":"","name":"/Users/kevinegstorf/workspace/tele2/zakelijk_shop/source/js/components/phone-grid/PhoneGridItem.test.jsx","startTime":1540205692466,"status":"passed","summary":""},{"assertionResults":[{"ancestorTitles":["<AmountControl/>"],"failureMessages":[],"fullName":"<AmountControl/> should decrement count","location":null,"status":"passed","title":"should decrement count"},{"ancestorTitles":["<AmountControl/>"],"failureMessages":[],"fullName":"<AmountControl/> counter should not have negative numbers","location":null,"status":"passed","title":"counter should not have negative numbers"},{"ancestorTitles":["<AmountControl/>"],"failureMessages":[],"fullName":"<AmountControl/> should increment count","location":null,"status":"passed","title":"should increment count"},{"ancestorTitles":["<AmountControl/>"],"failureMessages":[],"fullName":"<AmountControl/> should add numbers on the input field","location":null,"status":"passed","title":"should add numbers on the input field"},{"ancestorTitles":["<AmountControl/>"],"failureMessages":[],"fullName":"<AmountControl/> counter should not be able to count above 9999","location":null,"status":"passed","title":"counter should not be able to count above 9999"}],"endTime":1540205693290,"message":"","name":"/Users/kevinegstorf/workspace/tele2/zakelijk_shop/source/js/components/form/controls/amount/Amount.test.jsx","startTime":1540205692990,"status":"passed","summary":""},{"assertionResults":[{"ancestorTitles":["RadioBoxCreator"],"failureMessages":[],"fullName":"RadioBoxCreator Create a radiobox with 0 elements","location":null,"status":"passed","title":"Create a radiobox with 0 elements"},{"ancestorTitles":["RadioBoxCreator"],"failureMessages":[],"fullName":"RadioBoxCreator Create a radiobox with 3 elements","location":null,"status":"passed","title":"Create a radiobox with 3 elements"}],"endTime":1540205693346,"message":"","name":"/Users/kevinegstorf/workspace/tele2/zakelijk_shop/source/js/components/form/field-creators/RadioBox/RadioBoxCreator.test.jsx","startTime":1540205692920,"status":"passed","summary":""},{"assertionResults":[{"ancestorTitles":["<TooltipModal />"],"failureMessages":[],"fullName":"<TooltipModal /> TooltipModal before interaction","location":null,"status":"passed","title":"TooltipModal before interaction"}],"endTime":1540205693535,"message":"","name":"/Users/kevinegstorf/workspace/tele2/zakelijk_shop/source/js/components/tooltip/TooltipModal.test.jsx","startTime":1540205693160,"status":"passed","summary":""},{"assertionResults":[{"ancestorTitles":["<Cart/>"],"failureMessages":[],"fullName":"<Cart/> Execute different clicks","location":null,"status":"passed","title":"Execute different clicks"}],"endTime":1540205693537,"message":"","name":"/Users/kevinegstorf/workspace/tele2/zakelijk_shop/source/js/components/cart/Cart.test.jsx","startTime":1540205692780,"status":"passed","summary":""},{"assertionResults":[{"ancestorTitles":["<FilterOverlay />"],"failureMessages":[],"fullName":"<FilterOverlay /> should match snapshot","location":null,"status":"passed","title":"should match snapshot"},{"ancestorTitles":["<FilterOverlay />"],"failureMessages":[],"fullName":"<FilterOverlay /> should have proper structure","location":null,"status":"passed","title":"should have proper structure"},{"ancestorTitles":["<FilterOverlay />"],"failureMessages":[],"fullName":"<FilterOverlay /> should return changes when pressing OK button","location":null,"status":"passed","title":"should return changes when pressing OK button"},{"ancestorTitles":["<FilterOverlay />"],"failureMessages":[],"fullName":"<FilterOverlay /> should not return changes when pressing cancel link (and should close)","location":null,"status":"passed","title":"should not return changes when pressing cancel link (and should close)"}],"endTime":1540205693704,"message":"","name":"/Users/kevinegstorf/workspace/tele2/zakelijk_shop/source/js/components/filter-overlay/FilterOverlay.test.jsx","startTime":1540205693443,"status":"passed","summary":""},{"assertionResults":[{"ancestorTitles":[],"failureMessages":["Error: \u001b[2mexpect(\u001b[22m\u001b[31mvalue\u001b[39m\u001b[2m).toMatchSnapshot(\u001b[22m\u001b[2m)\u001b[22m\n\n\u001b[31mReceived value\u001b[39m does not match \u001b[32mstored snapshot \"it should render <TermsChecker/> 1\"\u001b[39m.\n\n\u001b[32m- Snapshot\u001b[39m\n\u001b[31m+ Received\u001b[39m\n\n\u001b[33m@@ -6,11 +6,11 @@\u001b[39m\n\u001b[2m    >\u001b[22m\n\u001b[2m      <CheckboxFormControl\u001b[22m\n\u001b[2m        name=\"checkbox_one\"\u001b[22m\n\u001b[2m        validate={\u001b[22m\n\u001b[2m          Array [\u001b[22m\n\u001b[32m-           [Function],\u001b[39m\n\u001b[31m+           undefined,\u001b[39m\n\u001b[2m          ]\u001b[22m\n\u001b[2m        }\u001b[22m\n\u001b[2m        value=\"checkbox-one\"\u001b[22m\n\u001b[2m      >\u001b[22m\n\u001b[2m        Ik ga akkoord me de\u001b[43m \u001b[49m\u001b[22m\n\u001b[33m@@ -49,20 +49,20 @@\u001b[39m\n\u001b[2m  \t\t\t\t\t\t\tde eenmalige en/of maandelijkse kosten\u001b[22m\n\u001b[2m  \t\t\t\t\t\t\tdoor Tele2 Nederland B.V. van mijn bank- of girorekening.\"\u001b[22m\n\u001b[2m        name=\"checkbox_two\"\u001b[22m\n\u001b[2m        validate={\u001b[22m\n\u001b[2m          Array [\u001b[22m\n\u001b[32m-           [Function],\u001b[39m\n\u001b[31m+           undefined,\u001b[39m\n\u001b[2m          ]\u001b[22m\n\u001b[2m        }\u001b[22m\n\u001b[2m        value=\"checkbox-two\"\u001b[22m\n\u001b[2m      />\u001b[22m\n\u001b[2m      <CheckboxFormControl\u001b[22m\n\u001b[2m        name=\"checkbox_three\"\u001b[22m\n\u001b[2m        validate={\u001b[22m\n\u001b[2m          Array [\u001b[22m\n\u001b[32m-           [Function],\u001b[39m\n\u001b[31m+           undefined,\u001b[39m\n\u001b[2m          ]\u001b[22m\n\u001b[2m        }\u001b[22m\n\u001b[2m        value=\"checkbox-three\"\u001b[22m\n\u001b[2m      >\u001b[22m\n\u001b[2m        Ik verklaar dat ik deze dienst alleen gebruik in combinatie met een toestel dat geschikt is voor het 4G-netwerk van Tele2. Doe ik dat niet dan kan Tele2 de functionaliteit van de dienst beëindingen en mij daarvoor een eindafrekening sturen.\u001b[43m \u001b[49m\u001b[22m\n    at Object.toMatchSnapshot (/Users/kevinegstorf/workspace/tele2/zakelijk_shop/source/js/components/terms-checker/TermsChecker.test.jsx:6:20)\n    at Object.asyncJestTest (/Users/kevinegstorf/workspace/tele2/zakelijk_shop/node_modules/jest-jasmine2/build/jasmine_async.js:108:37)\n    at resolve (/Users/kevinegstorf/workspace/tele2/zakelijk_shop/node_modules/jest-jasmine2/build/queue_runner.js:56:12)\n    at new Promise (<anonymous>)\n    at mapper (/Users/kevinegstorf/workspace/tele2/zakelijk_shop/node_modules/jest-jasmine2/build/queue_runner.js:43:19)\n    at promise.then (/Users/kevinegstorf/workspace/tele2/zakelijk_shop/node_modules/jest-jasmine2/build/queue_runner.js:87:41)\n    at <anonymous>\n    at process._tickCallback (internal/process/next_tick.js:188:7)"],"fullName":"it should render <TermsChecker/>","location":null,"status":"failed","title":"it should render <TermsChecker/>"}],"endTime":1540205693719,"message":"\u001b[1m\u001b[31m  \u001b[1m● \u001b[1mit should render <TermsChecker/>\u001b[39m\u001b[22m\n\n    \u001b[2mexpect(\u001b[22m\u001b[31mvalue\u001b[39m\u001b[2m).toMatchSnapshot(\u001b[22m\u001b[2m)\u001b[22m\n\n    \u001b[31mReceived value\u001b[39m does not match \u001b[32mstored snapshot \"it should render <TermsChecker/> 1\"\u001b[39m.\n\n    \u001b[32m- Snapshot\u001b[39m\n    \u001b[31m+ Received\u001b[39m\n\n    \u001b[33m@@ -6,11 +6,11 @@\u001b[39m\n    \u001b[2m    >\u001b[22m\n    \u001b[2m      <CheckboxFormControl\u001b[22m\n    \u001b[2m        name=\"checkbox_one\"\u001b[22m\n    \u001b[2m        validate={\u001b[22m\n    \u001b[2m          Array [\u001b[22m\n    \u001b[32m-           [Function],\u001b[39m\n    \u001b[31m+           undefined,\u001b[39m\n    \u001b[2m          ]\u001b[22m\n    \u001b[2m        }\u001b[22m\n    \u001b[2m        value=\"checkbox-one\"\u001b[22m\n    \u001b[2m      >\u001b[22m\n    \u001b[2m        Ik ga akkoord me de\u001b[43m \u001b[49m\u001b[22m\n    \u001b[33m@@ -49,20 +49,20 @@\u001b[39m\n    \u001b[2m  \t\t\t\t\t\t\tde eenmalige en/of maandelijkse kosten\u001b[22m\n    \u001b[2m  \t\t\t\t\t\t\tdoor Tele2 Nederland B.V. van mijn bank- of girorekening.\"\u001b[22m\n    \u001b[2m        name=\"checkbox_two\"\u001b[22m\n    \u001b[2m        validate={\u001b[22m\n    \u001b[2m          Array [\u001b[22m\n    \u001b[32m-           [Function],\u001b[39m\n    \u001b[31m+           undefined,\u001b[39m\n    \u001b[2m          ]\u001b[22m\n    \u001b[2m        }\u001b[22m\n    \u001b[2m        value=\"checkbox-two\"\u001b[22m\n    \u001b[2m      />\u001b[22m\n    \u001b[2m      <CheckboxFormControl\u001b[22m\n    \u001b[2m        name=\"checkbox_three\"\u001b[22m\n    \u001b[2m        validate={\u001b[22m\n    \u001b[2m          Array [\u001b[22m\n    \u001b[32m-           [Function],\u001b[39m\n    \u001b[31m+           undefined,\u001b[39m\n    \u001b[2m          ]\u001b[22m\n    \u001b[2m        }\u001b[22m\n    \u001b[2m        value=\"checkbox-three\"\u001b[22m\n    \u001b[2m      >\u001b[22m\n    \u001b[2m        Ik verklaar dat ik deze dienst alleen gebruik in combinatie met een toestel dat geschikt is voor het 4G-netwerk van Tele2. Doe ik dat niet dan kan Tele2 de functionaliteit van de dienst beëindingen en mij daarvoor een eindafrekening sturen.\u001b[43m \u001b[49m\u001b[22m\n\u001b[2m\u001b[22m\n\u001b[2m    \u001b[0m \u001b[90m 4 | \u001b[39mtest(\u001b[32m'it should render <TermsChecker/>'\u001b[39m\u001b[33m,\u001b[39m () \u001b[33m=>\u001b[39m {\u001b[0m\u001b[22m\n\u001b[2m    \u001b[0m \u001b[90m 5 | \u001b[39m\t\u001b[36mconst\u001b[39m component \u001b[33m=\u001b[39m shallow(\u001b[33m<\u001b[39m\u001b[33mTermsChecker\u001b[39m\u001b[33m/\u001b[39m\u001b[33m>\u001b[39m)\u001b[33m;\u001b[39m\u001b[0m\u001b[22m\n\u001b[2m    \u001b[0m\u001b[31m\u001b[1m>\u001b[2m\u001b[39m\u001b[90m 6 | \u001b[39m\texpect(component)\u001b[33m.\u001b[39mtoMatchSnapshot()\u001b[33m;\u001b[39m\u001b[0m\u001b[22m\n\u001b[2m    \u001b[0m \u001b[90m   | \u001b[39m\t                  \u001b[31m\u001b[1m^\u001b[2m\u001b[39m\u001b[0m\u001b[22m\n\u001b[2m    \u001b[0m \u001b[90m 7 | \u001b[39m})\u001b[33m;\u001b[39m\u001b[0m\u001b[22m\n\u001b[2m    \u001b[0m \u001b[90m 8 | \u001b[39m\u001b[0m\u001b[22m\n\u001b[2m\u001b[22m\n\u001b[2m      \u001b[2mat Object.toMatchSnapshot (\u001b[2m\u001b[0m\u001b[36msource/js/components/terms-checker/TermsChecker.test.jsx\u001b[39m\u001b[0m\u001b[2m:6:20)\u001b[2m\u001b[22m\n","name":"/Users/kevinegstorf/workspace/tele2/zakelijk_shop/source/js/components/terms-checker/TermsChecker.test.jsx","startTime":1540205691752,"status":"failed","summary":""},{"assertionResults":[{"ancestorTitles":["<PageHeader />"],"failureMessages":[],"fullName":"<PageHeader /> by default renders with left alignment","location":null,"status":"passed","title":"by default renders with left alignment"},{"ancestorTitles":["<PageHeader />"],"failureMessages":[],"fullName":"<PageHeader /> But can be center aligned by passing a prop","location":null,"status":"passed","title":"But can be center aligned by passing a prop"},{"ancestorTitles":["<PageHeader />"],"failureMessages":[],"fullName":"<PageHeader /> USPs can be added below the H1","location":null,"status":"passed","title":"USPs can be added below the H1"},{"ancestorTitles":["<PageHeader />"],"failureMessages":[],"fullName":"<PageHeader /> On small breakpoints the USPs are not rendered","location":null,"status":"passed","title":"On small breakpoints the USPs are not rendered"},{"ancestorTitles":["<PageHeader />"],"failureMessages":[],"fullName":"<PageHeader /> A paragraph can also be added below the H1","location":null,"status":"passed","title":"A paragraph can also be added below the H1"}],"endTime":1540205693752,"message":"","name":"/Users/kevinegstorf/workspace/tele2/zakelijk_shop/source/js/components/page-header/PageHeader.test.jsx","startTime":1540205693554,"status":"passed","summary":""},{"assertionResults":[{"ancestorTitles":[],"failureMessages":[],"fullName":"it should render <ShoppingCartChecker/>","location":null,"status":"passed","title":"it should render <ShoppingCartChecker/>"}],"endTime":1540205693769,"message":"","name":"/Users/kevinegstorf/workspace/tele2/zakelijk_shop/source/js/components/shopping-cart-checker/ShoppingCartChecker.test.jsx","startTime":1540205693515,"status":"passed","summary":""},{"assertionResults":[{"ancestorTitles":["<ProductCard/>"],"failureMessages":[],"fullName":"<ProductCard/> should render component with Amount","location":null,"status":"passed","title":"should render component with Amount"},{"ancestorTitles":["<ProductCard/>"],"failureMessages":[],"fullName":"<ProductCard/> should render component with Image","location":null,"status":"passed","title":"should render component with Image"}],"endTime":1540205693832,"message":"","name":"/Users/kevinegstorf/workspace/tele2/zakelijk_shop/source/js/components/product-card/ProductCard.test.jsx","startTime":1540205693586,"status":"passed","summary":""},{"assertionResults":[{"ancestorTitles":[],"failureMessages":[],"fullName":"should render Binnen 1 week op voorraad","location":null,"status":"passed","title":"should render Binnen 1 week op voorraad"},{"ancestorTitles":[],"failureMessages":[],"fullName":"should render Binnen 2 weken op voorraad","location":null,"status":"passed","title":"should render Binnen 2 weken op voorraad"},{"ancestorTitles":[],"failureMessages":[],"fullName":"should render Binnen 3 weken op voorraad","location":null,"status":"passed","title":"should render Binnen 3 weken op voorraad"},{"ancestorTitles":[],"failureMessages":[],"fullName":"should render Meer dan 3 weken","location":null,"status":"passed","title":"should render Meer dan 3 weken"},{"ancestorTitles":[],"failureMessages":[],"fullName":"should render Geen voorraad informatie beschikbaar when stockinfo = null","location":null,"status":"passed","title":"should render Geen voorraad informatie beschikbaar when stockinfo = null"},{"ancestorTitles":[],"failureMessages":[],"fullName":"should render Geen voorraad informatie beschikbaar when stockinfo = undefined","location":null,"status":"passed","title":"should render Geen voorraad informatie beschikbaar when stockinfo = undefined"},{"ancestorTitles":[],"failureMessages":[],"fullName":"should render Geen voorraad informatie beschikbaar when stockInfo is an empty string","location":null,"status":"passed","title":"should render Geen voorraad informatie beschikbaar when stockInfo is an empty string"}],"endTime":1540205693913,"message":"","name":"/Users/kevinegstorf/workspace/tele2/zakelijk_shop/source/js/components/stock-indicator/StockIndicator.test.jsx","startTime":1540205693703,"status":"passed","summary":""},{"assertionResults":[{"ancestorTitles":["<Tooltip />"],"failureMessages":[],"fullName":"<Tooltip /> Tooltip before interaction","location":null,"status":"passed","title":"Tooltip before interaction"},{"ancestorTitles":["<Tooltip />"],"failureMessages":[],"fullName":"<Tooltip /> Tooltip is made visible on click","location":null,"status":"passed","title":"Tooltip is made visible on click"},{"ancestorTitles":["<Tooltip />"],"failureMessages":[],"fullName":"<Tooltip /> Pressing enter when focused displays the tooltip","location":null,"status":"passed","title":"Pressing enter when focused displays the tooltip"},{"ancestorTitles":["<Tooltip />"],"failureMessages":[],"fullName":"<Tooltip /> Pressing the space bar when focused displays the tooltip","location":null,"status":"passed","title":"Pressing the space bar when focused displays the tooltip"}],"endTime":1540205693952,"message":"","name":"/Users/kevinegstorf/workspace/tele2/zakelijk_shop/source/js/components/tooltip/Tooltip.test.jsx","startTime":1540205693707,"status":"passed","summary":""},{"assertionResults":[{"ancestorTitles":["PillGroup"],"failureMessages":[],"fullName":"PillGroup should match snapshot","location":null,"status":"passed","title":"should match snapshot"},{"ancestorTitles":["PillGroup"],"failureMessages":[],"fullName":"PillGroup should have proper structure","location":null,"status":"passed","title":"should have proper structure"},{"ancestorTitles":["PillGroup"],"failureMessages":[],"fullName":"PillGroup should trigger onChange when clicking on a pill","location":null,"status":"passed","title":"should trigger onChange when clicking on a pill"}],"endTime":1540205694070,"message":"","name":"/Users/kevinegstorf/workspace/tele2/zakelijk_shop/source/js/components/pill/PillGroup.test.jsx","startTime":1540205693876,"status":"passed","summary":""},{"assertionResults":[{"ancestorTitles":["<PhoneImage />"],"failureMessages":[],"fullName":"<PhoneImage /> image that crossfades to new src prop","location":null,"status":"passed","title":"image that crossfades to new src prop"}],"endTime":1540205694096,"message":"","name":"/Users/kevinegstorf/workspace/tele2/zakelijk_shop/source/js/components/phone-image/PhoneImage.test.jsx","startTime":1540205693900,"status":"passed","summary":""},{"assertionResults":[{"ancestorTitles":["<TopScroller/>"],"failureMessages":[],"fullName":"<TopScroller/> should render","location":null,"status":"passed","title":"should render"}],"endTime":1540205694106,"message":"","name":"/Users/kevinegstorf/workspace/tele2/zakelijk_shop/source/js/components/top-scroller/TopScroller.test.jsx","startTime":1540205693940,"status":"passed","summary":""},{"assertionResults":[{"ancestorTitles":[],"failureMessages":[],"fullName":"it should render <AddressValidation/>","location":null,"status":"passed","title":"it should render <AddressValidation/>"},{"ancestorTitles":[],"failureMessages":[],"fullName":"it should return the address when postalcode and housenumber are added","location":null,"status":"passed","title":"it should return the address when postalcode and housenumber are added"},{"ancestorTitles":[],"failureMessages":[],"fullName":"it should return loader when postalcode or housenumber has not been completed","location":null,"status":"passed","title":"it should return loader when postalcode or housenumber has not been completed"}],"endTime":1540205694183,"message":"","name":"/Users/kevinegstorf/workspace/tele2/zakelijk_shop/source/js/components/address-validation/AddressValidation.test.jsx","startTime":1540205693935,"status":"passed","summary":""},{"assertionResults":[{"ancestorTitles":[],"failureMessages":[],"fullName":"it should render <CustomerInfoChecker/>","location":null,"status":"passed","title":"it should render <CustomerInfoChecker/>"}],"endTime":1540205694211,"message":"","name":"/Users/kevinegstorf/workspace/tele2/zakelijk_shop/source/js/components/customer-info-checker/CustomerInfoChecker.test.jsx","startTime":1540205694037,"status":"passed","summary":""},{"assertionResults":[{"ancestorTitles":["Helpers test"],"failureMessages":[],"fullName":"Helpers test urlBeautifyEncode","location":null,"status":"passed","title":"urlBeautifyEncode"},{"ancestorTitles":["Helpers test"],"failureMessages":[],"fullName":"Helpers test urlBeautifyDecode","location":null,"status":"passed","title":"urlBeautifyDecode"},{"ancestorTitles":["Helpers test"],"failureMessages":[],"fullName":"Helpers test groupBy","location":null,"status":"passed","title":"groupBy"},{"ancestorTitles":["Helpers test"],"failureMessages":[],"fullName":"Helpers test compare","location":null,"status":"passed","title":"compare"},{"ancestorTitles":["Helpers test"],"failureMessages":[],"fullName":"Helpers test prettyPrintPrice","location":null,"status":"passed","title":"prettyPrintPrice"},{"ancestorTitles":["Helpers test"],"failureMessages":[],"fullName":"Helpers test stringToNumber","location":null,"status":"passed","title":"stringToNumber"},{"ancestorTitles":["Helpers test"],"failureMessages":[],"fullName":"Helpers test convertToSalesForceDate","location":null,"status":"passed","title":"convertToSalesForceDate"}],"endTime":1540205694286,"message":"","name":"/Users/kevinegstorf/workspace/tele2/zakelijk_shop/source/js/utils/Helpers.test.js","startTime":1540205694117,"status":"passed","summary":""},{"assertionResults":[{"ancestorTitles":["Pill"],"failureMessages":[],"fullName":"Pill should match snapshot","location":null,"status":"passed","title":"should match snapshot"},{"ancestorTitles":["Pill"],"failureMessages":[],"fullName":"Pill should have proper structure","location":null,"status":"passed","title":"should have proper structure"}],"endTime":1540205694323,"message":"","name":"/Users/kevinegstorf/workspace/tele2/zakelijk_shop/source/js/components/pill/Pill.test.jsx","startTime":1540205694145,"status":"passed","summary":""},{"assertionResults":[{"ancestorTitles":["<GridItemInfo />"],"failureMessages":[],"fullName":"<GridItemInfo /> make and model","location":null,"status":"passed","title":"make and model"},{"ancestorTitles":["<GridItemInfo />"],"failureMessages":[],"fullName":"<GridItemInfo /> make, model and price","location":null,"status":"passed","title":"make, model and price"},{"ancestorTitles":["<GridItemInfo />"],"failureMessages":[],"fullName":"<GridItemInfo /> make, model, price and promo price","location":null,"status":"passed","title":"make, model, price and promo price"}],"endTime":1540205694445,"message":"","name":"/Users/kevinegstorf/workspace/tele2/zakelijk_shop/source/js/components/grid-item-info/GridItemInfo.test.jsx","startTime":1540205694277,"status":"passed","summary":""},{"assertionResults":[{"ancestorTitles":["FilterItem"],"failureMessages":[],"fullName":"FilterItem should match snapshot","location":null,"status":"passed","title":"should match snapshot"},{"ancestorTitles":["FilterItem"],"failureMessages":[],"fullName":"FilterItem should have proper structure","location":null,"status":"passed","title":"should have proper structure"},{"ancestorTitles":["FilterItem"],"failureMessages":[],"fullName":"FilterItem should have proper checked state","location":null,"status":"passed","title":"should have proper checked state"}],"endTime":1540205694446,"message":"","name":"/Users/kevinegstorf/workspace/tele2/zakelijk_shop/source/js/components/filter-overlay/FilterItem.test.jsx","startTime":1540205694251,"status":"passed","summary":""},{"assertionResults":[{"ancestorTitles":["Basket Selectors test"],"failureMessages":[],"fullName":"Basket Selectors test getBasket","location":null,"status":"passed","title":"getBasket"},{"ancestorTitles":["Basket Selectors test"],"failureMessages":[],"fullName":"Basket Selectors test getAvailableShadowBasket","location":null,"status":"passed","title":"getAvailableShadowBasket"},{"ancestorTitles":["Basket Selectors test"],"failureMessages":[],"fullName":"Basket Selectors test getBasketItemCount","location":null,"status":"passed","title":"getBasketItemCount"}],"endTime":1540205694459,"message":"","name":"/Users/kevinegstorf/workspace/tele2/zakelijk_shop/source/js/selectors/basket.test.js","startTime":1540205694276,"status":"passed","summary":""},{"assertionResults":[{"ancestorTitles":["<NoResults />"],"failureMessages":[],"fullName":"<NoResults /> shows a message and a link to reset the filters","location":null,"status":"passed","title":"shows a message and a link to reset the filters"},{"ancestorTitles":["<NoResults />"],"failureMessages":[],"fullName":"<NoResults /> the onReset callback is triggered when the reset link is clicked","location":null,"status":"passed","title":"the onReset callback is triggered when the reset link is clicked"}],"endTime":1540205694541,"message":"","name":"/Users/kevinegstorf/workspace/tele2/zakelijk_shop/source/js/components/no-results/NoResults.test.jsx","startTime":1540205694367,"status":"passed","summary":""},{"assertionResults":[{"ancestorTitles":["<PriceAndSubmit/>"],"failureMessages":[],"fullName":"<PriceAndSubmit/> should render component and handle click","location":null,"status":"passed","title":"should render component and handle click"}],"endTime":1540205694548,"message":"","name":"/Users/kevinegstorf/workspace/tele2/zakelijk_shop/source/js/components/price-and-submit/PriceAndSubmit.test.jsx","startTime":1540205694379,"status":"passed","summary":""},{"assertionResults":[{"ancestorTitles":["Saga helpers test"],"failureMessages":[],"fullName":"Saga helpers test throwIfError","location":null,"status":"passed","title":"throwIfError"},{"ancestorTitles":["Saga helpers test"],"failureMessages":[],"fullName":"Saga helpers test throwIfErrorCheckResults","location":null,"status":"passed","title":"throwIfErrorCheckResults"}],"endTime":1540205694595,"message":"","name":"/Users/kevinegstorf/workspace/tele2/zakelijk_shop/source/js/sagas/tests/helpers.test.js","startTime":1540205694460,"status":"passed","summary":""},{"assertionResults":[{"ancestorTitles":[],"failureMessages":[],"fullName":"should be able to click","location":null,"status":"passed","title":"should be able to click"}],"endTime":1540205694599,"message":"","name":"/Users/kevinegstorf/workspace/tele2/zakelijk_shop/source/js/components/button/Button.test.jsx","startTime":1540205694481,"status":"passed","summary":""},{"assertionResults":[{"ancestorTitles":[],"failureMessages":[],"fullName":"Dummy test to make Jest not fail on windows","location":null,"status":"passed","title":"Dummy test to make Jest not fail on windows"}],"endTime":1540205694709,"message":"","name":"/Users/kevinegstorf/workspace/tele2/zakelijk_shop/tests/dummy.test.jsx","startTime":1540205694616,"status":"passed","summary":""},{"assertionResults":[],"coverage":{},"endTime":1540205694887,"message":"  \u001b[1m● \u001b[22mTest suite failed to run\n\n    Cannot find module '/tests/mocks/getCommercialProductsWithAddons.json' from 'product.test.js'\n\n    \u001b[0m \u001b[90m  5 | \u001b[39m\tgetSelectedContractTermDescription\u001b[33m,\u001b[39m\u001b[0m\n    \u001b[0m \u001b[90m  6 | \u001b[39m\tgetSelectedNonDeviceRelatedAddons\u001b[33m,\u001b[39m\u001b[0m\n    \u001b[0m\u001b[31m\u001b[1m>\u001b[22m\u001b[39m\u001b[90m  7 | \u001b[39m\thasDevice\u001b[33m,\u001b[39m\u001b[0m\n    \u001b[0m \u001b[90m    | \u001b[39m\t                    \u001b[31m\u001b[1m^\u001b[22m\u001b[39m\u001b[0m\n    \u001b[0m \u001b[90m  8 | \u001b[39m\tgetModel\u001b[33m,\u001b[39m\u001b[0m\n    \u001b[0m \u001b[90m  9 | \u001b[39m\tgetSelectedDeviceAddon\u001b[33m,\u001b[39m\u001b[0m\n    \u001b[0m \u001b[90m 10 | \u001b[39m\tgetStockStatus\u001b[33m,\u001b[39m\u001b[0m\n\n      \u001b[2mat Resolver.resolveModule (\u001b[22m\u001b[0m\u001b[36mnode_modules/jest-resolve/build/index.js\u001b[39m\u001b[0m\u001b[2m:221:17)\u001b[22m\n      \u001b[2mat Object.<anonymous> (\u001b[22m\u001b[0m\u001b[36msource/js/selectors/product.test.js\u001b[39m\u001b[0m\u001b[2m:7:43)\u001b[22m\n","name":"/Users/kevinegstorf/workspace/tele2/zakelijk_shop/source/js/selectors/product.test.js","startTime":1540205694887,"status":"failed","summary":""}],"wasInterrupted":false}
